TN:
SF:lib/module.js
FN:5,(anonymous_1)
FN:30,(anonymous_2)
FN:77,(anonymous_3)
FN:97,(anonymous_4)
FN:98,NailApi
FNF:5
FNH:5
FNDA:18,(anonymous_1)
FNDA:10,(anonymous_2)
FNDA:17,(anonymous_3)
FNDA:1,(anonymous_4)
FNDA:18,NailApi
DA:1,1
DA:3,1
DA:5,1
DA:6,18
DA:7,18
DA:8,1
DA:9,17
DA:10,3
DA:11,3
DA:12,3
DA:13,14
DA:14,7
DA:15,2
DA:16,2
DA:17,2
DA:19,5
DA:20,5
DA:21,5
DA:24,7
DA:25,7
DA:26,7
DA:28,17
DA:29,17
DA:30,17
DA:31,10
DA:32,6
DA:35,17
DA:36,17
DA:37,8
DA:38,8
DA:39,1
DA:41,7
DA:42,7
DA:43,7
DA:44,7
DA:45,7
DA:46,7
DA:47,1
DA:49,7
DA:51,7
DA:53,16
DA:61,16
DA:62,96
DA:63,96
DA:65,16
DA:66,16
DA:67,31
DA:68,31
DA:70,16
DA:72,16
DA:75,1
DA:77,1
DA:78,17
DA:79,17
DA:80,17
DA:81,17
DA:82,17
DA:83,17
DA:84,17
DA:85,9
DA:86,9
DA:88,17
DA:89,15
DA:90,15
DA:92,17
DA:95,1
DA:97,1
DA:98,1
DA:100,1
DA:102,1
DA:104,1
DA:106,1
DA:108,1
DA:110,1
DA:112,1
DA:116,1
LF:76
LH:76
BRDA:7,1,0,1
BRDA:7,1,1,17
BRDA:9,2,0,3
BRDA:9,2,1,14
BRDA:13,3,0,7
BRDA:13,3,1,7
BRDA:14,4,0,2
BRDA:14,4,1,5
BRDA:31,5,0,6
BRDA:31,5,1,4
BRDA:36,6,0,8
BRDA:36,6,1,9
BRDA:38,7,0,1
BRDA:38,7,1,7
BRDA:46,8,0,1
BRDA:46,8,1,6
BRF:16
BRH:16
end_of_record
