TN:
SF:lib/module.js
FN:5,(anonymous_1)
FN:6,NailApi
FN:14,(anonymous_3)
FN:32,(anonymous_4)
FN:57,(anonymous_5)
FN:80,(anonymous_6)
FNF:6
FNH:6
FNDA:1,(anonymous_1)
FNDA:13,NailApi
FNDA:12,(anonymous_3)
FNDA:13,(anonymous_4)
FNDA:4,(anonymous_5)
FNDA:4,(anonymous_6)
DA:1,1
DA:3,1
DA:5,1
DA:6,1
DA:8,1
DA:10,1
DA:12,1
DA:14,1
DA:15,12
DA:16,12
DA:17,12
DA:18,12
DA:19,12
DA:20,12
DA:21,12
DA:22,1
DA:23,1
DA:25,12
DA:26,8
DA:27,8
DA:29,12
DA:32,1
DA:33,13
DA:34,13
DA:35,1
DA:36,12
DA:37,2
DA:38,2
DA:39,2
DA:40,10
DA:41,7
DA:42,2
DA:43,2
DA:44,2
DA:46,5
DA:47,5
DA:48,5
DA:51,3
DA:52,3
DA:53,3
DA:55,12
DA:56,12
DA:57,12
DA:58,4
DA:60,12
DA:61,12
DA:62,7
DA:63,7
DA:64,1
DA:66,6
DA:68,11
DA:76,11
DA:77,66
DA:78,66
DA:80,11
DA:81,11
DA:82,11
DA:83,3
DA:84,3
DA:86,11
DA:88,11
DA:91,1
DA:95,1
LF:63
LH:63
BRDA:34,1,0,1
BRDA:34,1,1,12
BRDA:36,2,0,2
BRDA:36,2,1,10
BRDA:40,3,0,7
BRDA:40,3,1,3
BRDA:41,4,0,2
BRDA:41,4,1,5
BRDA:61,5,0,7
BRDA:61,5,1,5
BRDA:63,6,0,1
BRDA:63,6,1,6
BRF:12
BRH:12
end_of_record
