TN:
SF:lib/module.js
FN:5,(anonymous_1)
FN:30,(anonymous_2)
FN:53,(anonymous_3)
FN:66,(anonymous_4)
FN:86,(anonymous_5)
FN:87,NailApi
FNF:6
FNH:6
FNDA:13,(anonymous_1)
FNDA:4,(anonymous_2)
FNDA:4,(anonymous_3)
FNDA:12,(anonymous_4)
FNDA:1,(anonymous_5)
FNDA:13,NailApi
DA:1,1
DA:3,1
DA:5,1
DA:6,13
DA:7,13
DA:8,1
DA:9,12
DA:10,2
DA:11,2
DA:12,2
DA:13,10
DA:14,7
DA:15,2
DA:16,2
DA:17,2
DA:19,5
DA:20,5
DA:21,5
DA:24,3
DA:25,3
DA:26,3
DA:28,12
DA:29,12
DA:30,12
DA:31,4
DA:33,12
DA:34,12
DA:35,7
DA:36,7
DA:37,1
DA:39,6
DA:41,11
DA:49,11
DA:50,66
DA:51,66
DA:53,11
DA:54,11
DA:55,11
DA:56,3
DA:57,3
DA:59,11
DA:61,11
DA:64,1
DA:66,1
DA:67,12
DA:68,12
DA:69,12
DA:70,12
DA:71,12
DA:72,12
DA:73,12
DA:74,1
DA:75,1
DA:77,12
DA:78,8
DA:79,8
DA:81,12
DA:84,1
DA:86,1
DA:87,1
DA:89,1
DA:91,1
DA:93,1
DA:95,1
DA:97,1
DA:99,1
DA:103,1
LF:67
LH:67
BRDA:7,1,0,1
BRDA:7,1,1,12
BRDA:9,2,0,2
BRDA:9,2,1,10
BRDA:13,3,0,7
BRDA:13,3,1,3
BRDA:14,4,0,2
BRDA:14,4,1,5
BRDA:34,5,0,7
BRDA:34,5,1,5
BRDA:36,6,0,1
BRDA:36,6,1,6
BRF:12
BRH:12
end_of_record
