{"lib/module.js":{"path":"lib/module.js","s":{"1":1,"2":1,"3":1,"4":17,"5":17,"6":1,"7":16,"8":2,"9":2,"10":2,"11":14,"12":7,"13":2,"14":2,"15":2,"16":5,"17":5,"18":5,"19":7,"20":7,"21":7,"22":16,"23":16,"24":16,"25":10,"26":6,"27":16,"28":16,"29":7,"30":7,"31":1,"32":6,"33":15,"34":15,"35":90,"36":90,"37":15,"38":15,"39":29,"40":29,"41":15,"42":15,"43":1,"44":1,"45":17,"46":17,"47":17,"48":17,"49":17,"50":17,"51":17,"52":9,"53":9,"54":17,"55":15,"56":15,"57":17,"58":1,"59":1,"60":1,"61":1,"62":1,"63":1,"64":1,"65":1,"66":1,"67":1},"b":{"1":[1,16],"2":[2,14],"3":[7,7],"4":[2,5],"5":[6,4],"6":[7,9],"7":[1,6]},"f":{"1":17,"2":10,"3":17,"4":1,"5":18},"fnMap":{"1":{"name":"(anonymous_1)","line":5,"loc":{"start":{"line":5,"column":5},"end":{"line":5,"column":32}}},"2":{"name":"(anonymous_2)","line":30,"loc":{"start":{"line":30,"column":15},"end":{"line":30,"column":26}}},"3":{"name":"(anonymous_3)","line":67,"loc":{"start":{"line":67,"column":6},"end":{"line":67,"column":17}}},"4":{"name":"(anonymous_4)","line":87,"loc":{"start":{"line":87,"column":11},"end":{"line":87,"column":22}}},"5":{"name":"NailApi","line":88,"loc":{"start":{"line":88,"column":2},"end":{"line":88,"column":21}}}},"statementMap":{"1":{"start":{"line":1,"column":0},"end":{"line":1,"column":10}},"2":{"start":{"line":3,"column":0},"end":{"line":3,"column":26}},"3":{"start":{"line":5,"column":0},"end":{"line":63,"column":2}},"4":{"start":{"line":6,"column":2},"end":{"line":6,"column":135}},"5":{"start":{"line":7,"column":2},"end":{"line":27,"column":3}},"6":{"start":{"line":8,"column":4},"end":{"line":8,"column":14}},"7":{"start":{"line":9,"column":9},"end":{"line":27,"column":3}},"8":{"start":{"line":10,"column":4},"end":{"line":10,"column":21}},"9":{"start":{"line":11,"column":4},"end":{"line":11,"column":21}},"10":{"start":{"line":12,"column":4},"end":{"line":12,"column":19}},"11":{"start":{"line":13,"column":9},"end":{"line":27,"column":3}},"12":{"start":{"line":14,"column":4},"end":{"line":22,"column":5}},"13":{"start":{"line":15,"column":6},"end":{"line":15,"column":23}},"14":{"start":{"line":16,"column":6},"end":{"line":16,"column":23}},"15":{"start":{"line":17,"column":6},"end":{"line":17,"column":21}},"16":{"start":{"line":19,"column":6},"end":{"line":19,"column":21}},"17":{"start":{"line":20,"column":6},"end":{"line":20,"column":23}},"18":{"start":{"line":21,"column":6},"end":{"line":21,"column":21}},"19":{"start":{"line":24,"column":4},"end":{"line":24,"column":19}},"20":{"start":{"line":25,"column":4},"end":{"line":25,"column":21}},"21":{"start":{"line":26,"column":4},"end":{"line":26,"column":19}},"22":{"start":{"line":28,"column":2},"end":{"line":61,"column":3}},"23":{"start":{"line":29,"column":4},"end":{"line":29,"column":31}},"24":{"start":{"line":30,"column":4},"end":{"line":34,"column":6}},"25":{"start":{"line":31,"column":6},"end":{"line":33,"column":7}},"26":{"start":{"line":32,"column":8},"end":{"line":32,"column":62}},"27":{"start":{"line":35,"column":4},"end":{"line":35,"column":30}},"28":{"start":{"line":36,"column":4},"end":{"line":42,"column":5}},"29":{"start":{"line":37,"column":6},"end":{"line":37,"column":55}},"30":{"start":{"line":38,"column":6},"end":{"line":40,"column":7}},"31":{"start":{"line":39,"column":8},"end":{"line":39,"column":66}},"32":{"start":{"line":41,"column":6},"end":{"line":41,"column":46}},"33":{"start":{"line":43,"column":4},"end":{"line":50,"column":6}},"34":{"start":{"line":51,"column":4},"end":{"line":54,"column":5}},"35":{"start":{"line":52,"column":6},"end":{"line":52,"column":32}},"36":{"start":{"line":53,"column":6},"end":{"line":53,"column":36}},"37":{"start":{"line":55,"column":4},"end":{"line":55,"column":25}},"38":{"start":{"line":56,"column":4},"end":{"line":59,"column":5}},"39":{"start":{"line":57,"column":6},"end":{"line":57,"column":25}},"40":{"start":{"line":58,"column":6},"end":{"line":58,"column":31}},"41":{"start":{"line":60,"column":4},"end":{"line":60,"column":31}},"42":{"start":{"line":62,"column":2},"end":{"line":62,"column":19}},"43":{"start":{"line":65,"column":0},"end":{"line":65,"column":8}},"44":{"start":{"line":67,"column":0},"end":{"line":83,"column":2}},"45":{"start":{"line":68,"column":2},"end":{"line":68,"column":53}},"46":{"start":{"line":69,"column":2},"end":{"line":69,"column":28}},"47":{"start":{"line":70,"column":2},"end":{"line":70,"column":28}},"48":{"start":{"line":71,"column":2},"end":{"line":71,"column":27}},"49":{"start":{"line":72,"column":2},"end":{"line":72,"column":29}},"50":{"start":{"line":73,"column":2},"end":{"line":73,"column":22}},"51":{"start":{"line":74,"column":2},"end":{"line":77,"column":3}},"52":{"start":{"line":75,"column":4},"end":{"line":75,"column":22}},"53":{"start":{"line":76,"column":4},"end":{"line":76,"column":37}},"54":{"start":{"line":78,"column":2},"end":{"line":81,"column":3}},"55":{"start":{"line":79,"column":4},"end":{"line":79,"column":27}},"56":{"start":{"line":80,"column":4},"end":{"line":80,"column":37}},"57":{"start":{"line":82,"column":2},"end":{"line":82,"column":21}},"58":{"start":{"line":85,"column":0},"end":{"line":85,"column":12}},"59":{"start":{"line":87,"column":0},"end":{"line":102,"column":5}},"60":{"start":{"line":88,"column":2},"end":{"line":88,"column":23}},"61":{"start":{"line":90,"column":2},"end":{"line":90,"column":33}},"62":{"start":{"line":92,"column":2},"end":{"line":92,"column":34}},"63":{"start":{"line":94,"column":2},"end":{"line":94,"column":29}},"64":{"start":{"line":96,"column":2},"end":{"line":96,"column":30}},"65":{"start":{"line":98,"column":2},"end":{"line":98,"column":28}},"66":{"start":{"line":100,"column":2},"end":{"line":100,"column":17}},"67":{"start":{"line":104,"column":0},"end":{"line":104,"column":31}}},"branchMap":{"1":{"line":7,"type":"if","locations":[{"start":{"line":7,"column":2},"end":{"line":7,"column":2}},{"start":{"line":7,"column":2},"end":{"line":7,"column":2}}]},"2":{"line":9,"type":"if","locations":[{"start":{"line":9,"column":9},"end":{"line":9,"column":9}},{"start":{"line":9,"column":9},"end":{"line":9,"column":9}}]},"3":{"line":13,"type":"if","locations":[{"start":{"line":13,"column":9},"end":{"line":13,"column":9}},{"start":{"line":13,"column":9},"end":{"line":13,"column":9}}]},"4":{"line":14,"type":"if","locations":[{"start":{"line":14,"column":4},"end":{"line":14,"column":4}},{"start":{"line":14,"column":4},"end":{"line":14,"column":4}}]},"5":{"line":31,"type":"if","locations":[{"start":{"line":31,"column":6},"end":{"line":31,"column":6}},{"start":{"line":31,"column":6},"end":{"line":31,"column":6}}]},"6":{"line":36,"type":"if","locations":[{"start":{"line":36,"column":4},"end":{"line":36,"column":4}},{"start":{"line":36,"column":4},"end":{"line":36,"column":4}}]},"7":{"line":38,"type":"if","locations":[{"start":{"line":38,"column":6},"end":{"line":38,"column":6}},{"start":{"line":38,"column":6},"end":{"line":38,"column":6}}]}}}}