{"lib/module.js":{"path":"lib/module.js","s":{"1":1,"2":1,"3":1,"4":1,"5":1,"6":1,"7":1,"8":1,"9":12,"10":12,"11":12,"12":12,"13":12,"14":12,"15":12,"16":1,"17":1,"18":12,"19":8,"20":8,"21":12,"22":1,"23":13,"24":13,"25":1,"26":12,"27":2,"28":2,"29":2,"30":10,"31":7,"32":2,"33":2,"34":2,"35":5,"36":5,"37":5,"38":3,"39":3,"40":3,"41":12,"42":12,"43":12,"44":4,"45":12,"46":12,"47":7,"48":7,"49":1,"50":6,"51":11,"52":11,"53":66,"54":66,"55":11,"56":11,"57":11,"58":3,"59":3,"60":11,"61":11,"62":1,"63":1},"b":{"1":[1,12],"2":[2,10],"3":[7,3],"4":[2,5],"5":[7,5],"6":[1,6]},"f":{"1":1,"2":13,"3":12,"4":13,"5":4,"6":4},"fnMap":{"1":{"name":"(anonymous_1)","line":5,"loc":{"start":{"line":5,"column":11},"end":{"line":5,"column":22}}},"2":{"name":"NailApi","line":6,"loc":{"start":{"line":6,"column":2},"end":{"line":6,"column":21}}},"3":{"name":"(anonymous_3)","line":14,"loc":{"start":{"line":14,"column":26},"end":{"line":14,"column":37}}},"4":{"name":"(anonymous_4)","line":32,"loc":{"start":{"line":32,"column":25},"end":{"line":32,"column":52}}},"5":{"name":"(anonymous_5)","line":57,"loc":{"start":{"line":57,"column":17},"end":{"line":57,"column":28}}},"6":{"name":"(anonymous_6)","line":80,"loc":{"start":{"line":80,"column":32},"end":{"line":80,"column":43}}}},"statementMap":{"1":{"start":{"line":1,"column":0},"end":{"line":1,"column":15}},"2":{"start":{"line":3,"column":0},"end":{"line":3,"column":26}},"3":{"start":{"line":5,"column":0},"end":{"line":93,"column":5}},"4":{"start":{"line":6,"column":2},"end":{"line":6,"column":23}},"5":{"start":{"line":8,"column":2},"end":{"line":8,"column":33}},"6":{"start":{"line":10,"column":2},"end":{"line":10,"column":34}},"7":{"start":{"line":12,"column":2},"end":{"line":12,"column":29}},"8":{"start":{"line":14,"column":2},"end":{"line":30,"column":4}},"9":{"start":{"line":15,"column":4},"end":{"line":15,"column":55}},"10":{"start":{"line":16,"column":4},"end":{"line":16,"column":30}},"11":{"start":{"line":17,"column":4},"end":{"line":17,"column":30}},"12":{"start":{"line":18,"column":4},"end":{"line":18,"column":29}},"13":{"start":{"line":19,"column":4},"end":{"line":19,"column":31}},"14":{"start":{"line":20,"column":4},"end":{"line":20,"column":24}},"15":{"start":{"line":21,"column":4},"end":{"line":24,"column":5}},"16":{"start":{"line":22,"column":6},"end":{"line":22,"column":24}},"17":{"start":{"line":23,"column":6},"end":{"line":23,"column":39}},"18":{"start":{"line":25,"column":4},"end":{"line":28,"column":5}},"19":{"start":{"line":26,"column":6},"end":{"line":26,"column":29}},"20":{"start":{"line":27,"column":6},"end":{"line":27,"column":39}},"21":{"start":{"line":29,"column":4},"end":{"line":29,"column":23}},"22":{"start":{"line":32,"column":2},"end":{"line":89,"column":4}},"23":{"start":{"line":33,"column":4},"end":{"line":33,"column":137}},"24":{"start":{"line":34,"column":4},"end":{"line":54,"column":5}},"25":{"start":{"line":35,"column":6},"end":{"line":35,"column":16}},"26":{"start":{"line":36,"column":11},"end":{"line":54,"column":5}},"27":{"start":{"line":37,"column":6},"end":{"line":37,"column":23}},"28":{"start":{"line":38,"column":6},"end":{"line":38,"column":23}},"29":{"start":{"line":39,"column":6},"end":{"line":39,"column":21}},"30":{"start":{"line":40,"column":11},"end":{"line":54,"column":5}},"31":{"start":{"line":41,"column":6},"end":{"line":49,"column":7}},"32":{"start":{"line":42,"column":8},"end":{"line":42,"column":25}},"33":{"start":{"line":43,"column":8},"end":{"line":43,"column":25}},"34":{"start":{"line":44,"column":8},"end":{"line":44,"column":23}},"35":{"start":{"line":46,"column":8},"end":{"line":46,"column":23}},"36":{"start":{"line":47,"column":8},"end":{"line":47,"column":25}},"37":{"start":{"line":48,"column":8},"end":{"line":48,"column":23}},"38":{"start":{"line":51,"column":6},"end":{"line":51,"column":21}},"39":{"start":{"line":52,"column":6},"end":{"line":52,"column":23}},"40":{"start":{"line":53,"column":6},"end":{"line":53,"column":21}},"41":{"start":{"line":55,"column":4},"end":{"line":87,"column":5}},"42":{"start":{"line":56,"column":6},"end":{"line":56,"column":33}},"43":{"start":{"line":57,"column":6},"end":{"line":59,"column":8}},"44":{"start":{"line":58,"column":8},"end":{"line":58,"column":48}},"45":{"start":{"line":60,"column":6},"end":{"line":60,"column":32}},"46":{"start":{"line":61,"column":6},"end":{"line":67,"column":7}},"47":{"start":{"line":62,"column":8},"end":{"line":62,"column":57}},"48":{"start":{"line":63,"column":8},"end":{"line":65,"column":9}},"49":{"start":{"line":64,"column":10},"end":{"line":64,"column":68}},"50":{"start":{"line":66,"column":8},"end":{"line":66,"column":48}},"51":{"start":{"line":68,"column":6},"end":{"line":75,"column":8}},"52":{"start":{"line":76,"column":6},"end":{"line":79,"column":7}},"53":{"start":{"line":77,"column":8},"end":{"line":77,"column":34}},"54":{"start":{"line":78,"column":8},"end":{"line":78,"column":38}},"55":{"start":{"line":80,"column":6},"end":{"line":80,"column":46}},"56":{"start":{"line":81,"column":6},"end":{"line":81,"column":27}},"57":{"start":{"line":82,"column":6},"end":{"line":85,"column":7}},"58":{"start":{"line":83,"column":8},"end":{"line":83,"column":27}},"59":{"start":{"line":84,"column":8},"end":{"line":84,"column":33}},"60":{"start":{"line":86,"column":6},"end":{"line":86,"column":33}},"61":{"start":{"line":88,"column":4},"end":{"line":88,"column":21}},"62":{"start":{"line":91,"column":2},"end":{"line":91,"column":17}},"63":{"start":{"line":95,"column":0},"end":{"line":95,"column":31}}},"branchMap":{"1":{"line":34,"type":"if","locations":[{"start":{"line":34,"column":4},"end":{"line":34,"column":4}},{"start":{"line":34,"column":4},"end":{"line":34,"column":4}}]},"2":{"line":36,"type":"if","locations":[{"start":{"line":36,"column":11},"end":{"line":36,"column":11}},{"start":{"line":36,"column":11},"end":{"line":36,"column":11}}]},"3":{"line":40,"type":"if","locations":[{"start":{"line":40,"column":11},"end":{"line":40,"column":11}},{"start":{"line":40,"column":11},"end":{"line":40,"column":11}}]},"4":{"line":41,"type":"if","locations":[{"start":{"line":41,"column":6},"end":{"line":41,"column":6}},{"start":{"line":41,"column":6},"end":{"line":41,"column":6}}]},"5":{"line":61,"type":"if","locations":[{"start":{"line":61,"column":6},"end":{"line":61,"column":6}},{"start":{"line":61,"column":6},"end":{"line":61,"column":6}}]},"6":{"line":63,"type":"if","locations":[{"start":{"line":63,"column":8},"end":{"line":63,"column":8}},{"start":{"line":63,"column":8},"end":{"line":63,"column":8}}]}}}}